0 info it worked if it ends with ok
1 verbose cli [ '/Users/drew/.nodenv/versions/7.7.1/bin/node',
1 verbose cli   '/Users/drew/.nodenv/versions/7.7.1/bin/npm',
1 verbose cli   'run',
1 verbose cli   'scrape' ]
2 info using npm@4.1.2
3 info using node@v7.7.1
4 verbose run-script [ 'prescrape', 'scrape', 'postscrape' ]
5 info lifecycle local-church@0.0.1~prescrape: local-church@0.0.1
6 silly lifecycle local-church@0.0.1~prescrape: no script for prescrape, continuing
7 info lifecycle local-church@0.0.1~scrape: local-church@0.0.1
8 verbose lifecycle local-church@0.0.1~scrape: unsafe-perm in lifecycle true
9 verbose lifecycle local-church@0.0.1~scrape: PATH: /Users/drew/.nodenv/versions/7.7.1/lib/node_modules/npm/bin/node-gyp-bin:/Users/drew/sites/local-church/node_modules/.bin:/Users/drew/.nodenv/versions/7.7.1/bin:/usr/local/Cellar/nodenv/1.1.0/libexec:/Users/drew/.rbenv/shims:/Users/drew/.nodenv/shims:/usr/local/bin:/usr/bin:/bin:/usr/sbin:/sbin:/Users/drew/.themekit:/usr/local/bin:~/.nodenv/bin
10 verbose lifecycle local-church@0.0.1~scrape: CWD: /Users/drew/sites/local-church
11 silly lifecycle local-church@0.0.1~scrape: Args: [ '-c', './server/index.js' ]
12 silly lifecycle local-church@0.0.1~scrape: Returned: code: 126  signal: null
13 info lifecycle local-church@0.0.1~scrape: Failed to exec scrape script
14 verbose stack Error: local-church@0.0.1 scrape: `./server/index.js`
14 verbose stack Exit status 126
14 verbose stack     at EventEmitter.<anonymous> (/Users/drew/.nodenv/versions/7.7.1/lib/node_modules/npm/lib/utils/lifecycle.js:279:16)
14 verbose stack     at emitTwo (events.js:106:13)
14 verbose stack     at EventEmitter.emit (events.js:194:7)
14 verbose stack     at ChildProcess.<anonymous> (/Users/drew/.nodenv/versions/7.7.1/lib/node_modules/npm/lib/utils/spawn.js:40:14)
14 verbose stack     at emitTwo (events.js:106:13)
14 verbose stack     at ChildProcess.emit (events.js:194:7)
14 verbose stack     at maybeClose (internal/child_process.js:899:16)
14 verbose stack     at Process.ChildProcess._handle.onexit (internal/child_process.js:226:5)
15 verbose pkgid local-church@0.0.1
16 verbose cwd /Users/drew/sites/local-church
17 error Darwin 16.4.0
18 error argv "/Users/drew/.nodenv/versions/7.7.1/bin/node" "/Users/drew/.nodenv/versions/7.7.1/bin/npm" "run" "scrape"
19 error node v7.7.1
20 error npm  v4.1.2
21 error code ELIFECYCLE
22 error local-church@0.0.1 scrape: `./server/index.js`
22 error Exit status 126
23 error Failed at the local-church@0.0.1 scrape script './server/index.js'.
23 error Make sure you have the latest version of node.js and npm installed.
23 error If you do, this is most likely a problem with the local-church package,
23 error not with npm itself.
23 error Tell the author that this fails on your system:
23 error     ./server/index.js
23 error You can get information on how to open an issue for this project with:
23 error     npm bugs local-church
23 error Or if that isn't available, you can get their info via:
23 error     npm owner ls local-church
23 error There is likely additional logging output above.
24 verbose exit [ 1, true ]
